<?xml version="1.0" encoding="UTF-8"?>
<testsuite xmlns:xsi="http://www.w3.org/2001/XMLSchema-instance" xsi:noNamespaceSchemaLocation="https://maven.apache.org/surefire/maven-surefire-plugin/xsd/surefire-test-report-3.0.xsd" version="3.0" name="Cucumber.Options.TestRunner" time="14.096" tests="2" errors="0" skipped="0" failures="0">
  <properties>
[...]
</properties>
  <testcase name=" #1" classname="Validating Place APIs" time="9.662">
    <system-out><![CDATA[maps/api/place/add/json
maps/api/place/get/json
]]></system-out>
    <system-err><![CDATA[SLF4J(W): No SLF4J providers were found.
SLF4J(W): Defaulting to no-operation (NOP) logger implementation
SLF4J(W): See https://www.slf4j.org/codes.html#noProviders for further details.
]]></system-err>
  </testcase>
  <testcase name=" #2" classname="Validating Place APIs" time="2.627">
    <system-out><![CDATA[maps/api/place/delete/json
]]></system-out>
  </testcase>
</testsuite>